app/build/outputs/logs/manifest-merger-fklight-debug-report.txt
-- Merging decision tree log ---
manifest
ADDED from src\main\AndroidManifest.xml:2:1-145:12
INJECTED from src\main\AndroidManifest.xml:2:1-145:12
INJECTED from src\main\AndroidManifest.xml:2:1-145:12
INJECTED from src\main\AndroidManifest.xml:2:1-145:12
MERGED from [com.google.android.material:material:1.0.0] AndroidManifest.xml:17:1-24:12
MERGED from [uk.co.chrisjenx:calligraphy:2.3.0] AndroidManifest.xml:2:1-13:12
MERGED from [androidx.appcompat:appcompat:1.0.0] AndroidManifest.xml:17:1-22:12
MERGED from [com.google.firebase:firebase-messaging:20.2.4] AndroidManifest.xml:17:1-45:12
MERGED from [androidx.work:work-runtime:2.2.0] AndroidManifest.xml:17:1-125:12
MERGED from [androidx.recyclerview:recyclerview:1.0.0] AndroidManifest.xml:17:1-22:12
MERGED from [androidx.legacy:legacy-support-v4:1.0.0] AndroidManifest.xml:17:1-22:12
MERGED from [com.google.firebase:firebase-auth:19.3.2] AndroidManifest.xml:17:1-42:12
MERGED from [com.google.firebase:firebase-database:19.3.1] AndroidManifest.xml:15:1-38:12
MERGED from [com.google.firebase:firebase-ml-vision:24.0.3] AndroidManifest.xml:2:1-18:12
MERGED from [com.google.android.gms:play-services-vision:20.1.0] AndroidManifest.xml:2:1-9:12
MERGED from [com.google.android.gms:play-services-vision-image-label:18.0.4] AndroidManifest.xml:2:1-9:12
MERGED from [com.google.android.gms:play-services-vision-common:19.1.0] AndroidManifest.xml:2:1-9:12
MERGED from [com.google.firebase:firebase-database-collection:17.0.1] AndroidManifest.xml:2:1-9:12
MERGED from [com.google.firebase:firebase-auth-interop:19.0.0] AndroidManifest.xml:2:1-10:12
MERGED from [com.google.firebase:firebase-ml-common:22.1.1] AndroidManifest.xml:2:1-17:12
MERGED from [com.google.android.gms:play-services-clearcut:17.0.0] AndroidManifest.xml:17:1-24:12
MERGED from [com.google.android.gms:play-services-flags:17.0.0] AndroidManifest.xml:17:1-22:12
MERGED from [com.google.android.gms:play-services-phenotype:17.0.0] AndroidManifest.xml:17:1-24:12
MERGED from [com.google.android.gms:play-services-auth-base:17.0.0] AndroidManifest.xml:2:1-7:12
MERGED from [com.google.firebase:firebase-iid:20.2.3] AndroidManifest.xml:17:1-47:12
MERGED from [com.google.firebase:firebase-iid-interop:17.0.0] AndroidManifest.xml:2:1-10:12
MERGED from [com.google.android.gms:play-services-base:17.1.0] AndroidManifest.xml:17:1-29:12
MERGED from [com.google.firebase:firebase-analytics:17.4.4] AndroidManifest.xml:2:1-9:12
MERGED from [com.google.android.gms:play-services-measurement:17.4.4] AndroidManifest.xml:17:1-46:12
MERGED from [com.google.android.gms:play-services-measurement-api:17.4.4] AndroidManifest.xml:17:1-36:12
MERGED from [com.google.android.gms:play-services-measurement-sdk:17.4.4] AndroidManifest.xml:17:1-25:12
MERGED from [com.google.android.gms:play-services-measurement-impl:17.4.4] AndroidManifest.xml:17:1-31:12
MERGED from [com.google.android.gms:play-services-stats:17.0.0] AndroidManifest.xml:2:1-9:12
MERGED from [com.google.firebase:firebase-config:19.2.0] AndroidManifest.xml:17:1-38:12
MERGED from [com.google.firebase:firebase-datatransport:17.0.3] AndroidManifest.xml:15:1-34:12
MERGED from [com.google.firebase:firebase-installations:16.3.3] AndroidManifest.xml:2:1-23:12
MERGED from [com.google.firebase:firebase-abt:19.1.0] AndroidManifest.xml:2:1-19:12
MERGED from [com.google.firebase:firebase-common:19.3.0] AndroidManifest.xml:15:1-39:12
MERGED from [com.google.firebase:firebase-measurement-connector:18.0.0] AndroidManifest.xml:17:1-25:12
MERGED from [com.google.firebase:firebase-installations-interop:16.0.0] AndroidManifest.xml:15:1-23:12
MERGED from [com.google.android.gms:play-services-tasks:17.0.2] AndroidManifest.xml:2:1-9:12
MERGED from [com.google.android.gms:play-services-measurement-sdk-api:17.4.4] AndroidManifest.xml:17:1-27:12
MERGED from [com.google.android.gms:play-services-measurement-base:17.4.4] AndroidManifest.xml:2:1-9:12
MERGED from [com.google.android.gms:play-services-ads-identifier:17.0.0] AndroidManifest.xml:17:1-24:12
MERGED from [com.google.android.gms:play-services-basement:17.2.1] AndroidManifest.xml:17:1-28:12
MERGED from [androidx.fragment:fragment:1.0.0] AndroidManifest.xml:17:1-22:12
MERGED from [androidx.vectordrawable:vectordrawable-animated:1.0.0] AndroidManifest.xml:17:1-22:12
MERGED from [androidx.legacy:legacy-support-core-ui:1.0.0] AndroidManifest.xml:17:1-22:12
MERGED from [androidx.legacy:legacy-support-core-utils:1.0.0] AndroidManifest.xml:17:1-22:12
MERGED from [androidx.vectordrawable:vectordrawable:1.0.0] AndroidManifest.xml:17:1-22:12
MERGED from [androidx.transition:transition:1.0.0] AndroidManifest.xml:17:1-22:12
MERGED from [androidx.room:room-runtime:2.1.0] AndroidManifest.xml:17:1-30:12
MERGED from [androidx.media:media:1.0.0] AndroidManifest.xml:17:1-22:12
MERGED from [androidx.loader:loader:1.0.0] AndroidManifest.xml:17:1-22:12
MERGED from [androidx.viewpager:viewpager:1.0.0] AndroidManifest.xml:17:1-22:12
MERGED from [androidx.coordinatorlayout:coordinatorlayout:1.0.0] AndroidManifest.xml:17:1-22:12
MERGED from [androidx.drawerlayout:drawerlayout:1.0.0] AndroidManifest.xml:17:1-22:12
MERGED from [androidx.slidingpanelayout:slidingpanelayout:1.0.0] AndroidManifest.xml:17:1-22:12
MERGED from [androidx.customview:customview:1.0.0] AndroidManifest.xml:17:1-22:12
MERGED from [androidx.swiperefreshlayout:swiperefreshlayout:1.0.0] AndroidManifest.xml:17:1-22:12
MERGED from [androidx.asynclayoutinflater:asynclayoutinflater:1.0.0] AndroidManifest.xml:17:1-22:12
MERGED from [androidx.core:core:1.2.0] AndroidManifest.xml:17:1-26:12
MERGED from [com.squareup.picasso:picasso:2.71828] AndroidManifest.xml:2:1-14:12
MERGED from [androidx.versionedparcelable:versionedparcelable:1.1.0] AndroidManifest.xml:17:1-27:12
MERGED from [androidx.cursoradapter:cursoradapter:1.0.0] AndroidManifest.xml:17:1-22:12
MERGED from [androidx.lifecycle:lifecycle-service:2.0.0] AndroidManifest.xml:17:1-22:12
MERGED from [androidx.lifecycle:lifecycle-runtime:2.0.0] AndroidManifest.xml:17:1-22:12
MERGED from [androidx.cardview:cardview:1.0.0] AndroidManifest.xml:17:1-22:12
MERGED from [androidx.exifinterface:exifinterface:1.0.0] AndroidManifest.xml:17:1-22:12
MERGED from [com.google.android.datatransport:transport-backend-cct:2.2.0] AndroidManifest.xml:15:1-38:12
MERGED from [com.google.android.datatransport:transport-runtime:2.2.0] AndroidManifest.xml:15:1-41:12
MERGED from [com.google.firebase:firebase-components:16.0.0] AndroidManifest.xml:15:1-23:12
MERGED from [com.google.firebase:firebase-encoders-json:16.0.0] AndroidManifest.xml:15:1-23:12
MERGED from [androidx.localbroadcastmanager:localbroadcastmanager:1.0.0] AndroidManifest.xml:17:1-22:12
MERGED from [androidx.documentfile:documentfile:1.0.0] AndroidManifest.xml:17:1-22:12
MERGED from [androidx.print:print:1.0.0] AndroidManifest.xml:17:1-22:12
MERGED from [androidx.lifecycle:lifecycle-viewmodel:2.0.0] AndroidManifest.xml:17:1-22:12
MERGED from [androidx.lifecycle:lifecycle-livedata:2.0.0] AndroidManifest.xml:17:1-22:12
MERGED from [androidx.lifecycle:lifecycle-livedata-core:2.0.0] AndroidManifest.xml:17:1-22:12
MERGED from [androidx.interpolator:interpolator:1.0.0] AndroidManifest.xml:17:1-22:12
MERGED from [androidx.arch.core:core-runtime:2.0.1] AndroidManifest.xml:17:1-22:12
MERGED from [androidx.sqlite:sqlite-framework:2.0.1] AndroidManifest.xml:17:1-22:12
MERGED from [androidx.sqlite:sqlite:2.0.1] AndroidManifest.xml:17:1-22:12
MERGED from [com.pixplicity.easyprefs:library:1.9.0] AndroidManifest.xml:2:1-12:12
MERGED from [dev.dworks.libs:volleyplus:0.1.4] AndroidManifest.xml:2:1-11:12
MERGED from [com.github.ybq:Android-SpinKit:1.2.0] AndroidManifest.xml:2:1-9:12
MERGED from [com.xw.repo:bubbleseekbar:3.10-lite] AndroidManifest.xml:2:1-17:12
MERGED from [androidx.constraintlayout:constraintlayout:1.1.3] AndroidManifest.xml:2:1-11:12
MERGED from [:sesame-4.0.2:] AndroidManifest.xml:2:1-29:12
MERGED from [:api-5.1.1895:] AndroidManifest.xml:2:1-31:12
MERGED from [:cameraview-2.4.0:] AndroidManifest.xml:2:1-34:12
MERGED from [:common-5.1.140:] AndroidManifest.xml:2:1-32:12
MERGED from [:core-5.1.2298:] AndroidManifest.xml:2:1-17:12
MERGED from [:lottie-3.0.0:] AndroidManifest.xml:2:1-11:12
MERGED from [:ocr-4.0.0:] AndroidManifest.xml:2:1-15:12
MERGED from [com.google.android.datatransport:transport-api:2.2.0] AndroidManifest.xml:15:1-22:12
INJECTED from src\main\AndroidManifest.xml:2:1-145:12
INJECTED from src\main\AndroidManifest.xml:2:1-145:12
INJECTED from src\main\AndroidManifest.xml:2:1-145:12
	package
		ADDED from src\main\AndroidManifest.xml:4:5-43
		INJECTED from src\main\AndroidManifest.xml
		INJECTED from src\main\AndroidManifest.xml
	android:versionName
		INJECTED from src\main\AndroidManifest.xml
		ADDED from src\main\AndroidManifest.xml:2:1-145:12
		INJECTED from src\main\AndroidManifest.xml
	xmlns:tools
		ADDED from src\main\AndroidManifest.xml:3:5-51
	android:versionCode
		INJECTED from src\main\AndroidManifest.xml
		ADDED from src\main\AndroidManifest.xml:2:1-145:12
		INJECTED from src\main\AndroidManifest.xml
	xmlns:android
		ADDED from src\main\AndroidManifest.xml:2:11-69
uses-permission#android.permission.ACCESS_WIFI_STATE
ADDED from src\main\AndroidManifest.xml:6:5-76
	android:name
		ADDED from src\main\AndroidManifest.xml:6:22-73
uses-permission#android.permission.ACCESS_NETWORK_STATE
ADDED from src\main\AndroidManifest.xml:7:5-79
MERGED from [androidx.work:work-runtime:2.2.0] AndroidManifest.xml:26:5-79
MERGED from [androidx.work:work-runtime:2.2.0] AndroidManifest.xml:26:5-79
MERGED from [com.google.firebase:firebase-database:19.3.1] AndroidManifest.xml:25:5-79
MERGED from [com.google.firebase:firebase-database:19.3.1] AndroidManifest.xml:25:5-79
MERGED from [com.google.firebase:firebase-iid:20.2.3] AndroidManifest.xml:22:5-79
MERGED from [com.google.firebase:firebase-iid:20.2.3] AndroidManifest.xml:22:5-79
MERGED from [com.google.android.gms:play-services-measurement:17.4.4] AndroidManifest.xml:24:5-79
MERGED from [com.google.android.gms:play-services-measurement:17.4.4] AndroidManifest.xml:24:5-79
MERGED from [com.google.android.gms:play-services-measurement-api:17.4.4] AndroidManifest.xml:23:5-79
MERGED from [com.google.android.gms:play-services-measurement-api:17.4.4] AndroidManifest.xml:23:5-79
MERGED from [com.google.android.gms:play-services-measurement-impl:17.4.4] AndroidManifest.xml:24:5-79
MERGED from [com.google.android.gms:play-services-measurement-impl:17.4.4] AndroidManifest.xml:24:5-79
MERGED from [com.google.firebase:firebase-config:19.2.0] AndroidManifest.xml:25:5-79
MERGED from [com.google.firebase:firebase-config:19.2.0] AndroidManifest.xml:25:5-79
MERGED from [com.google.firebase:firebase-installations:16.3.3] AndroidManifest.xml:10:5-79
MERGED from [com.google.firebase:firebase-installations:16.3.3] AndroidManifest.xml:10:5-79
MERGED from [com.google.android.gms:play-services-measurement-sdk-api:17.4.4] AndroidManifest.xml:24:5-79
MERGED from [com.google.android.gms:play-services-measurement-sdk-api:17.4.4] AndroidManifest.xml:24:5-79
MERGED from [com.google.android.datatransport:transport-backend-cct:2.2.0] AndroidManifest.xml:25:5-79
MERGED from [com.google.android.datatransport:transport-backend-cct:2.2.0] AndroidManifest.xml:25:5-79
MERGED from [com.google.android.datatransport:transport-runtime:2.2.0] AndroidManifest.xml:22:5-79
MERGED from [com.google.android.datatransport:transport-runtime:2.2.0] AndroidManifest.xml:22:5-79
	android:name
		ADDED from src\main\AndroidManifest.xml:7:22-76
uses-permission#android.permission.INTERNET
ADDED from src\main\AndroidManifest.xml:9:5-67
MERGED from [com.google.firebase:firebase-database:19.3.1] AndroidManifest.xml:26:5-67
MERGED from [com.google.firebase:firebase-database:19.3.1] AndroidManifest.xml:26:5-67
MERGED from [com.google.firebase:firebase-iid:20.2.3] AndroidManifest.xml:23:5-67
MERGED from [com.google.firebase:firebase-iid:20.2.3] AndroidManifest.xml:23:5-67
MERGED from [com.google.android.gms:play-services-measurement:17.4.4] AndroidManifest.xml:23:5-67
MERGED from [com.google.android.gms:play-services-measurement:17.4.4] AndroidManifest.xml:23:5-67
MERGED from [com.google.android.gms:play-services-measurement-api:17.4.4] AndroidManifest.xml:22:5-67
MERGED from [com.google.android.gms:play-services-measurement-api:17.4.4] AndroidManifest.xml:22:5-67
MERGED from [com.google.android.gms:play-services-measurement-impl:17.4.4] AndroidManifest.xml:23:5-67
MERGED from [com.google.android.gms:play-services-measurement-impl:17.4.4] AndroidManifest.xml:23:5-67
MERGED from [com.google.firebase:firebase-config:19.2.0] AndroidManifest.xml:26:5-67
MERGED from [com.google.firebase:firebase-config:19.2.0] AndroidManifest.xml:26:5-67
MERGED from [com.google.firebase:firebase-installations:16.3.3] AndroidManifest.xml:11:5-67
MERGED from [com.google.firebase:firebase-installations:16.3.3] AndroidManifest.xml:11:5-67
MERGED from [com.google.android.gms:play-services-measurement-sdk-api:17.4.4] AndroidManifest.xml:23:5-67
MERGED from [com.google.android.gms:play-services-measurement-sdk-api:17.4.4] AndroidManifest.xml:23:5-67
MERGED from [com.google.android.datatransport:transport-backend-cct:2.2.0] AndroidManifest.xml:26:5-67
MERGED from [com.google.android.datatransport:transport-backend-cct:2.2.0] AndroidManifest.xml:26:5-67
MERGED from [:api-5.1.1895:] AndroidManifest.xml:12:5-67
MERGED from [:api-5.1.1895:] AndroidManifest.xml:12:5-67
MERGED from [:ocr-4.0.0:] AndroidManifest.xml:11:5-67
MERGED from [:ocr-4.0.0:] AndroidManifest.xml:11:5-67
	android:name
		ADDED from src\main\AndroidManifest.xml:9:22-64
uses-permission#android.permission.WRITE_EXTERNAL_STORAGE
ADDED from src\main\AndroidManifest.xml:10:5-81
MERGED from [:api-5.1.1895:] AndroidManifest.xml:11:5-81
MERGED from [:api-5.1.1895:] AndroidManifest.xml:11:5-81
MERGED from [:core-5.1.2298:] AndroidManifest.xml:11:5-81
MERGED from [:core-5.1.2298:] AndroidManifest.xml:11:5-81
	android:name
		ADDED from src\main\AndroidManifest.xml:10:22-78
uses-permission#android.permission.READ_EXTERNAL_STORAGE
ADDED from src\main\AndroidManifest.xml:11:5-80
MERGED from [:api-5.1.1895:] AndroidManifest.xml:10:5-80
MERGED from [:api-5.1.1895:] AndroidManifest.xml:10:5-80
MERGED from [:core-5.1.2298:] AndroidManifest.xml:10:5-80
MERGED from [:core-5.1.2298:] AndroidManifest.xml:10:5-80
	android:name
		ADDED from src\main\AndroidManifest.xml:11:22-77
uses-permission#android.permission.CAMERA
ADDED from src\main\AndroidManifest.xml:12:5-65
MERGED from [:cameraview-2.4.0:] AndroidManifest.xml:11:5-65
MERGED from [:cameraview-2.4.0:] AndroidManifest.xml:11:5-65
MERGED from [:common-5.1.140:] AndroidManifest.xml:11:5-65
MERGED from [:common-5.1.140:] AndroidManifest.xml:11:5-65
	android:name
		ADDED from src\main\AndroidManifest.xml:12:22-62
uses-permission#android.permission.WRITE_SETTINGS
ADDED from src\main\AndroidManifest.xml:13:5-73
	android:name
		ADDED from src\main\AndroidManifest.xml:13:22-70
uses-permission#com.google.android.c2dm.permission.RECEIVE
ADDED from src\main\AndroidManifest.xml:14:5-82
MERGED from [com.google.firebase:firebase-iid:20.2.3] AndroidManifest.xml:26:5-82
MERGED from [com.google.firebase:firebase-iid:20.2.3] AndroidManifest.xml:26:5-82
	android:name
		ADDED from src\main\AndroidManifest.xml:14:22-79
uses-permission#android.permission.WAKE_LOCK
ADDED from src\main\AndroidManifest.xml:15:5-68
MERGED from [androidx.work:work-runtime:2.2.0] AndroidManifest.xml:25:5-68
MERGED from [androidx.work:work-runtime:2.2.0] AndroidManifest.xml:25:5-68
MERGED from [com.google.firebase:firebase-iid:20.2.3] AndroidManifest.xml:24:5-68
MERGED from [com.google.firebase:firebase-iid:20.2.3] AndroidManifest.xml:24:5-68
MERGED from [com.google.android.gms:play-services-measurement:17.4.4] AndroidManifest.xml:25:5-68
MERGED from [com.google.android.gms:play-services-measurement:17.4.4] AndroidManifest.xml:25:5-68
MERGED from [com.google.android.gms:play-services-measurement-api:17.4.4] AndroidManifest.xml:24:5-68
MERGED from [com.google.android.gms:play-services-measurement-api:17.4.4] AndroidManifest.xml:24:5-68
MERGED from [com.google.android.gms:play-services-measurement-impl:17.4.4] AndroidManifest.xml:25:5-68
MERGED from [com.google.android.gms:play-services-measurement-impl:17.4.4] AndroidManifest.xml:25:5-68
MERGED from [com.google.android.gms:play-services-measurement-sdk-api:17.4.4] AndroidManifest.xml:25:5-68
MERGED from [com.google.android.gms:play-services-measurement-sdk-api:17.4.4] AndroidManifest.xml:25:5-68
	android:name
		ADDED from src\main\AndroidManifest.xml:15:22-65
uses-permission#android.permission.VIBRATE
ADDED from src\main\AndroidManifest.xml:16:5-66
MERGED from [:sesame-4.0.2:] AndroidManifest.xml:11:5-66
MERGED from [:sesame-4.0.2:] AndroidManifest.xml:11:5-66
	android:name
		ADDED from src\main\AndroidManifest.xml:16:22-63
uses-feature#android.hardware.camera
ADDED from src\main\AndroidManifest.xml:18:5-60
MERGED from [:cameraview-2.4.0:] AndroidManifest.xml:19:5-21:36
MERGED from [:cameraview-2.4.0:] AndroidManifest.xml:19:5-21:36
MERGED from [:common-5.1.140:] AndroidManifest.xml:14:5-16:36
MERGED from [:common-5.1.140:] AndroidManifest.xml:14:5-16:36
	android:name
		ADDED from src\main\AndroidManifest.xml:18:19-57
uses-feature#android.hardware.camera.autofocus
ADDED from src\main\AndroidManifest.xml:19:5-70
MERGED from [:cameraview-2.4.0:] AndroidManifest.xml:22:5-24:36
MERGED from [:cameraview-2.4.0:] AndroidManifest.xml:22:5-24:36
MERGED from [:common-5.1.140:] AndroidManifest.xml:17:5-19:36
MERGED from [:common-5.1.140:] AndroidManifest.xml:17:5-19:36
	android:name
		ADDED from src\main\AndroidManifest.xml:19:19-67
uses-feature#android.hardware.sensor.accelerometer
ADDED from src\main\AndroidManifest.xml:20:5-22:36
MERGED from [:api-5.1.1895:] AndroidManifest.xml:14:5-16:36
MERGED from [:api-5.1.1895:] AndroidManifest.xml:14:5-16:36
	android:required
		ADDED from src\main\AndroidManifest.xml:22:9-33
	android:name
		ADDED from src\main\AndroidManifest.xml:21:9-61
uses-permission#android.permission.FLASHLIGHT
ADDED from src\main\AndroidManifest.xml:24:5-69
MERGED from [:common-5.1.140:] AndroidManifest.xml:12:5-69
MERGED from [:common-5.1.140:] AndroidManifest.xml:12:5-69
	android:name
		ADDED from src\main\AndroidManifest.xml:24:22-66
uses-feature#android.hardware.camera.front
ADDED from src\main\AndroidManifest.xml:26:5-28:36
MERGED from [:cameraview-2.4.0:] AndroidManifest.xml:25:5-27:36
MERGED from [:cameraview-2.4.0:] AndroidManifest.xml:25:5-27:36
	android:required
		ADDED from src\main\AndroidManifest.xml:28:9-33
	android:name
		ADDED from src\main\AndroidManifest.xml:27:9-53
application
ADDED from src\main\AndroidManifest.xml:30:5-143:19
MERGED from [com.google.android.material:material:1.0.0] AndroidManifest.xml:22:5-20
MERGED from [com.google.android.material:material:1.0.0] AndroidManifest.xml:22:5-20
MERGED from [uk.co.chrisjenx:calligraphy:2.3.0] AndroidManifest.xml:11:5-20
MERGED from [uk.co.chrisjenx:calligraphy:2.3.0] AndroidManifest.xml:11:5-20
MERGED from [com.google.firebase:firebase-messaging:20.2.4] AndroidManifest.xml:22:5-43:19
MERGED from [com.google.firebase:firebase-messaging:20.2.4] AndroidManifest.xml:22:5-43:19
MERGED from [androidx.work:work-runtime:2.2.0] AndroidManifest.xml:29:5-123:19
MERGED from [androidx.work:work-runtime:2.2.0] AndroidManifest.xml:29:5-123:19
MERGED from [com.google.firebase:firebase-auth:19.3.2] AndroidManifest.xml:23:5-40:19
MERGED from [com.google.firebase:firebase-auth:19.3.2] AndroidManifest.xml:23:5-40:19
MERGED from [com.google.firebase:firebase-database:19.3.1] AndroidManifest.xml:28:5-36:19
MERGED from [com.google.firebase:firebase-database:19.3.1] AndroidManifest.xml:28:5-36:19
MERGED from [com.google.firebase:firebase-ml-vision:24.0.3] AndroidManifest.xml:8:5-16:19
MERGED from [com.google.firebase:firebase-ml-vision:24.0.3] AndroidManifest.xml:8:5-16:19
MERGED from [com.google.android.gms:play-services-vision:20.1.0] AndroidManifest.xml:7:5-20
MERGED from [com.google.android.gms:play-services-vision:20.1.0] AndroidManifest.xml:7:5-20
MERGED from [com.google.android.gms:play-services-vision-image-label:18.0.4] AndroidManifest.xml:7:5-20
MERGED from [com.google.android.gms:play-services-vision-image-label:18.0.4] AndroidManifest.xml:7:5-20
MERGED from [com.google.android.gms:play-services-vision-common:19.1.0] AndroidManifest.xml:7:5-20
MERGED from [com.google.android.gms:play-services-vision-common:19.1.0] AndroidManifest.xml:7:5-20
MERGED from [com.google.firebase:firebase-auth-interop:19.0.0] AndroidManifest.xml:7:5-8:19
MERGED from [com.google.firebase:firebase-auth-interop:19.0.0] AndroidManifest.xml:7:5-8:19
MERGED from [com.google.firebase:firebase-ml-common:22.1.1] AndroidManifest.xml:7:5-15:19
MERGED from [com.google.firebase:firebase-ml-common:22.1.1] AndroidManifest.xml:7:5-15:19
MERGED from [com.google.android.gms:play-services-clearcut:17.0.0] AndroidManifest.xml:22:5-20
MERGED from [com.google.android.gms:play-services-clearcut:17.0.0] AndroidManifest.xml:22:5-20
MERGED from [com.google.android.gms:play-services-phenotype:17.0.0] AndroidManifest.xml:22:5-20
MERGED from [com.google.android.gms:play-services-phenotype:17.0.0] AndroidManifest.xml:22:5-20
MERGED from [com.google.firebase:firebase-iid:20.2.3] AndroidManifest.xml:28:5-45:19
MERGED from [com.google.firebase:firebase-iid:20.2.3] AndroidManifest.xml:28:5-45:19
MERGED from [com.google.firebase:firebase-iid-interop:17.0.0] AndroidManifest.xml:7:5-8:19
MERGED from [com.google.firebase:firebase-iid-interop:17.0.0] AndroidManifest.xml:7:5-8:19
MERGED from [com.google.android.gms:play-services-base:17.1.0] AndroidManifest.xml:22:5-27:19
MERGED from [com.google.android.gms:play-services-base:17.1.0] AndroidManifest.xml:22:5-27:19
MERGED from [com.google.firebase:firebase-analytics:17.4.4] AndroidManifest.xml:7:5-20
MERGED from [com.google.firebase:firebase-analytics:17.4.4] AndroidManifest.xml:7:5-20
MERGED from [com.google.android.gms:play-services-measurement:17.4.4] AndroidManifest.xml:28:5-44:19
MERGED from [com.google.android.gms:play-services-measurement:17.4.4] AndroidManifest.xml:28:5-44:19
MERGED from [com.google.android.gms:play-services-measurement-api:17.4.4] AndroidManifest.xml:26:5-34:19
MERGED from [com.google.android.gms:play-services-measurement-api:17.4.4] AndroidManifest.xml:26:5-34:19
MERGED from [com.google.android.gms:play-services-measurement-sdk:17.4.4] AndroidManifest.xml:22:5-23:19
MERGED from [com.google.android.gms:play-services-measurement-sdk:17.4.4] AndroidManifest.xml:22:5-23:19
MERGED from [com.google.android.gms:play-services-measurement-impl:17.4.4] AndroidManifest.xml:28:5-29:19
MERGED from [com.google.android.gms:play-services-measurement-impl:17.4.4] AndroidManifest.xml:28:5-29:19
MERGED from [com.google.android.gms:play-services-stats:17.0.0] AndroidManifest.xml:7:5-20
MERGED from [com.google.android.gms:play-services-stats:17.0.0] AndroidManifest.xml:7:5-20
MERGED from [com.google.firebase:firebase-config:19.2.0] AndroidManifest.xml:28:5-36:19
MERGED from [com.google.firebase:firebase-config:19.2.0] AndroidManifest.xml:28:5-36:19
MERGED from [com.google.firebase:firebase-datatransport:17.0.3] AndroidManifest.xml:24:5-32:19
MERGED from [com.google.firebase:firebase-datatransport:17.0.3] AndroidManifest.xml:24:5-32:19
MERGED from [com.google.firebase:firebase-installations:16.3.3] AndroidManifest.xml:13:5-21:19
MERGED from [com.google.firebase:firebase-installations:16.3.3] AndroidManifest.xml:13:5-21:19
MERGED from [com.google.firebase:firebase-abt:19.1.0] AndroidManifest.xml:11:5-17:19
MERGED from [com.google.firebase:firebase-abt:19.1.0] AndroidManifest.xml:11:5-17:19
MERGED from [com.google.firebase:firebase-common:19.3.0] AndroidManifest.xml:25:5-37:19
MERGED from [com.google.firebase:firebase-common:19.3.0] AndroidManifest.xml:25:5-37:19
MERGED from [com.google.firebase:firebase-measurement-connector:18.0.0] AndroidManifest.xml:22:5-23:19
MERGED from [com.google.firebase:firebase-measurement-connector:18.0.0] AndroidManifest.xml:22:5-23:19
MERGED from [com.google.android.gms:play-services-tasks:17.0.2] AndroidManifest.xml:7:5-20
MERGED from [com.google.android.gms:play-services-tasks:17.0.2] AndroidManifest.xml:7:5-20
MERGED from [com.google.android.gms:play-services-measurement-base:17.4.4] AndroidManifest.xml:7:5-20
MERGED from [com.google.android.gms:play-services-measurement-base:17.4.4] AndroidManifest.xml:7:5-20
MERGED from [com.google.android.gms:play-services-ads-identifier:17.0.0] AndroidManifest.xml:22:5-20
MERGED from [com.google.android.gms:play-services-ads-identifier:17.0.0] AndroidManifest.xml:22:5-20
MERGED from [com.google.android.gms:play-services-basement:17.2.1] AndroidManifest.xml:22:5-26:19
MERGED from [com.google.android.gms:play-services-basement:17.2.1] AndroidManifest.xml:22:5-26:19
MERGED from [androidx.room:room-runtime:2.1.0] AndroidManifest.xml:24:5-28:19
MERGED from [androidx.room:room-runtime:2.1.0] AndroidManifest.xml:24:5-28:19
MERGED from [androidx.core:core:1.2.0] AndroidManifest.xml:24:5-89
MERGED from [androidx.core:core:1.2.0] AndroidManifest.xml:24:5-89
MERGED from [com.squareup.picasso:picasso:2.71828] AndroidManifest.xml:7:5-12:19
MERGED from [com.squareup.picasso:picasso:2.71828] AndroidManifest.xml:7:5-12:19
MERGED from [androidx.versionedparcelable:versionedparcelable:1.1.0] AndroidManifest.xml:24:5-25:19
MERGED from [androidx.versionedparcelable:versionedparcelable:1.1.0] AndroidManifest.xml:24:5-25:19
MERGED from [com.google.android.datatransport:transport-backend-cct:2.2.0] AndroidManifest.xml:28:5-36:19
MERGED from [com.google.android.datatransport:transport-backend-cct:2.2.0] AndroidManifest.xml:28:5-36:19
MERGED from [com.google.android.datatransport:transport-runtime:2.2.0] AndroidManifest.xml:25:5-39:19
MERGED from [com.google.android.datatransport:transport-runtime:2.2.0] AndroidManifest.xml:25:5-39:19
MERGED from [dev.dworks.libs:volleyplus:0.1.4] AndroidManifest.xml:9:5-20
MERGED from [dev.dworks.libs:volleyplus:0.1.4] AndroidManifest.xml:9:5-20
MERGED from [com.xw.repo:bubbleseekbar:3.10-lite] AndroidManifest.xml:11:5-15:19
MERGED from [com.xw.repo:bubbleseekbar:3.10-lite] AndroidManifest.xml:11:5-15:19
MERGED from [androidx.constraintlayout:constraintlayout:1.1.3] AndroidManifest.xml:9:5-20
MERGED from [androidx.constraintlayout:constraintlayout:1.1.3] AndroidManifest.xml:9:5-20
MERGED from [:sesame-4.0.2:] AndroidManifest.xml:13:5-27:19
MERGED from [:sesame-4.0.2:] AndroidManifest.xml:13:5-27:19
MERGED from [:api-5.1.1895:] AndroidManifest.xml:18:5-29:19
MERGED from [:api-5.1.1895:] AndroidManifest.xml:18:5-29:19
MERGED from [:cameraview-2.4.0:] AndroidManifest.xml:32:5-20
MERGED from [:cameraview-2.4.0:] AndroidManifest.xml:32:5-20
MERGED from [:common-5.1.140:] AndroidManifest.xml:21:5-30:19
MERGED from [:common-5.1.140:] AndroidManifest.xml:21:5-30:19
MERGED from [:core-5.1.2298:] AndroidManifest.xml:14:5-15:19
MERGED from [:core-5.1.2298:] AndroidManifest.xml:14:5-15:19
MERGED from [:lottie-3.0.0:] AndroidManifest.xml:9:5-20
MERGED from [:lottie-3.0.0:] AndroidManifest.xml:9:5-20
MERGED from [:ocr-4.0.0:] AndroidManifest.xml:13:5-20
MERGED from [:ocr-4.0.0:] AndroidManifest.xml:13:5-20
	android:appComponentFactory
		ADDED from [androidx.core:core:1.2.0] AndroidManifest.xml:24:18-86
	android:supportsRtl
		ADDED from src\main\AndroidManifest.xml:35:9-35
	android:label
		ADDED from src\main\AndroidManifest.xml:34:9-41
	android:largeHeap
		ADDED from [:api-5.1.1895:] AndroidManifest.xml:19:9-33
	android:icon
		ADDED from src\main\AndroidManifest.xml:33:9-43
	android:allowBackup
		ADDED from src\main\AndroidManifest.xml:32:9-35
	android:theme
		ADDED from src\main\AndroidManifest.xml:36:9-40
	tools:replace
		ADDED from src\main\AndroidManifest.xml:38:9-38
	android:usesCleartextTraffic
		ADDED from src\main\AndroidManifest.xml:37:9-44
	android:name
		ADDED from src\main\AndroidManifest.xml:31:9-43
activity#com.anyvision.facekeyexample.activities.logged.ComandosActivity
ADDED from src\main\AndroidManifest.xml:39:9-40:52
	android:screenOrientation
		ADDED from src\main\AndroidManifest.xml:40:13-49
	android:name
		ADDED from src\main\AndroidManifest.xml:39:19-69
activity#com.anyvision.facekeyexample.activities.logged.ChamadoGraficoBarraActivity
ADDED from src\main\AndroidManifest.xml:42:9-43:52
	android:screenOrientation
		ADDED from src\main\AndroidManifest.xml:43:13-49
	android:name
		ADDED from src\main\AndroidManifest.xml:42:19-80
activity#com.anyvision.facekeyexample.activities.logged.ChamadoGraficoActivity
ADDED from src\main\AndroidManifest.xml:45:9-46:52
	android:screenOrientation
		ADDED from src\main\AndroidManifest.xml:46:13-49
	android:name
		ADDED from src\main\AndroidManifest.xml:45:19-75
activity#com.anyvision.facekeyexample.activities.logged.ChamadoGraficoGruposActivity
ADDED from src\main\AndroidManifest.xml:48:9-49:52
	android:screenOrientation
		ADDED from src\main\AndroidManifest.xml:49:13-49
	android:name
		ADDED from src\main\AndroidManifest.xml:48:19-81
activity#com.anyvision.facekeyexample.activities.logged.SolicitationHistoryApproved
ADDED from src\main\AndroidManifest.xml:51:9-53:52
	android:screenOrientation
		ADDED from src\main\AndroidManifest.xml:53:13-49
	android:name
		ADDED from src\main\AndroidManifest.xml:52:13-74
activity#com.anyvision.facekeyexample.activities.logged.SolicitationHistoryReproved
ADDED from src\main\AndroidManifest.xml:54:9-56:52
	android:screenOrientation
		ADDED from src\main\AndroidManifest.xml:56:13-49
	android:name
		ADDED from src\main\AndroidManifest.xml:55:13-74
activity#com.anyvision.facekeyexample.activities.logged.SolicitationExtensionActivity
ADDED from src\main\AndroidManifest.xml:57:9-59:52
	android:screenOrientation
		ADDED from src\main\AndroidManifest.xml:59:13-49
	android:name
		ADDED from src\main\AndroidManifest.xml:58:13-76